{"/Users/ggrumbley/Workbench/JS_Lab/react-app/src/index.js": {"path":"/Users/ggrumbley/Workbench/JS_Lab/react-app/src/index.js","statementMap":{"0":{"start":{"line":5,"column":0},"end":{"line":5,"column":57}},"1":{"start":{"line":7,"column":0},"end":{"line":7,"column":20}}},"fnMap":{},"branchMap":{},"s":{"0":0,"1":0},"f":{},"b":{},"hash":"17788111a7fd13605e3147fb71573e6ea64ccc0d"}
,"/Users/ggrumbley/Workbench/JS_Lab/react-app/src/components/App/globalStyle.js": {"path":"/Users/ggrumbley/Workbench/JS_Lab/react-app/src/components/App/globalStyle.js","statementMap":{"0":{"start":{"line":3,"column":20},"end":{"line":34,"column":1}}},"fnMap":{},"branchMap":{},"s":{"0":1},"f":{},"b":{},"_coverageSchema":"43e27e138ebf9cfc5966b082cf9a028302ed4184","hash":"dbfde2142c46d62e236d6da77c153357e235f27d"}
,"/Users/ggrumbley/Workbench/JS_Lab/react-app/src/components/App/index.js": {"path":"/Users/ggrumbley/Workbench/JS_Lab/react-app/src/components/App/index.js","statementMap":{"0":{"start":{"line":6,"column":14},"end":{"line":6,"column":25}},"1":{"start":{"line":8,"column":23},"end":{"line":12,"column":1}},"2":{"start":{"line":14,"column":12},"end":{"line":19,"column":1}},"3":{"start":{"line":15,"column":2},"end":{"line":18,"column":13}}},"fnMap":{"0":{"name":"(anonymous_0)","decl":{"start":{"line":14,"column":12},"end":{"line":14,"column":13}},"loc":{"start":{"line":15,"column":2},"end":{"line":18,"column":13}},"line":15}},"branchMap":{},"s":{"0":1,"1":1,"2":1,"3":1},"f":{"0":1},"b":{},"_coverageSchema":"43e27e138ebf9cfc5966b082cf9a028302ed4184","hash":"048d1823ecd5e9c367058ef0109fa36d13a51cdb"}
}
